Using pre-set license
Built from '2020.3/release' branch; Version is '2020.3.12f1 (b3b2c6512326) revision 11776710'; Using compiler version '192528614'; Build Type 'Release'
OS: 'Windows 10 Home; OS build 19042.1052; Version 2009; 64bit' Language: 'en' Physical Memory: 16299 MB
BatchMode: 1, IsHumanControllingUs: 0, StartBugReporterOnCrash: 0, Is64bit: 1, IsPro: 0

 COMMAND LINE ARGUMENTS:
C:\Program Files\Unity\Hub\Editor\2020.3.12f1\Editor\Unity.exe
-adb2
-batchMode
-noUpm
-name
AssetImportWorker0
-projectPath
C:/Users/beamc/Top-Down RPG
-logFile
Logs/AssetImportWorker0.log
-srvPort
59872
Successfully changed project path to: C:/Users/beamc/Top-Down RPG
C:/Users/beamc/Top-Down RPG
Using Asset Import Pipeline V2.
Refreshing native plugins compatible for Editor in 51.55 ms, found 3 plugins.
Preloading 0 native plugins for Editor in 0.00 ms.
Initialize engine version: 2020.3.12f1 (b3b2c6512326)
[Subsystems] Discovering subsystems at path C:/Program Files/Unity/Hub/Editor/2020.3.12f1/Editor/Data/Resources/UnitySubsystems
[Subsystems] Discovering subsystems at path C:/Users/beamc/Top-Down RPG/Assets
GfxDevice: creating device client; threaded=0
Direct3D:
    Version:  Direct3D 11.0 [level 11.1]
    Renderer: NVIDIA GeForce RTX 2070 SUPER (ID=0x1e84)
    Vendor:   
    VRAM:     8011 MB
    Driver:   27.21.14.6089
Initialize mono
Mono path[0] = 'C:/Program Files/Unity/Hub/Editor/2020.3.12f1/Editor/Data/Managed'
Mono path[1] = 'C:/Program Files/Unity/Hub/Editor/2020.3.12f1/Editor/Data/MonoBleedingEdge/lib/mono/unityjit'
Mono config path = 'C:/Program Files/Unity/Hub/Editor/2020.3.12f1/Editor/Data/MonoBleedingEdge/etc'
Using monoOptions --debugger-agent=transport=dt_socket,embedding=1,server=y,suspend=n,address=127.0.0.1:56292
Begin MonoManager ReloadAssembly
Registering precompiled unity dll's ...
Register platform support module: C:/Program Files/Unity/Hub/Editor/2020.3.12f1/Editor/Data/PlaybackEngines/WindowsStandaloneSupport/UnityEditor.WindowsStandalone.Extensions.dll
Registered in 0.001783 seconds.
Native extension for WindowsStandalone target not found
Refreshing native plugins compatible for Editor in 59.42 ms, found 3 plugins.
Preloading 0 native plugins for Editor in 0.00 ms.
Mono: successfully reloaded assembly
- Completed reload, in  0.999 seconds
Platform modules already initialized, skipping
Registering precompiled user dll's ...
Registered in 0.003776 seconds.
Begin MonoManager ReloadAssembly
Native extension for WindowsStandalone target not found
Refreshing native plugins compatible for Editor in 58.52 ms, found 3 plugins.
Preloading 0 native plugins for Editor in 0.00 ms.
Mono: successfully reloaded assembly
- Completed reload, in  0.982 seconds
Platform modules already initialized, skipping
========================================================================
Worker process is ready to serve import requests
Launched and connected shader compiler UnityShaderCompiler.exe after 0.04 seconds
Refreshing native plugins compatible for Editor in 0.58 ms, found 3 plugins.
Preloading 0 native plugins for Editor in 0.00 ms.
Unloading 2083 Unused Serialized files (Serialized files now loaded: 0)
System memory in use before: 95.1 MB.
System memory in use after: 95.1 MB.

Unloading 33 unused Assets to reduce memory usage. Loaded Objects now: 2516.
Total: 2.069800 ms (FindLiveObjects: 0.184600 ms CreateObjectMapping: 0.071100 ms MarkObjects: 1.703300 ms  DeleteObjects: 0.110000 ms)

AssetImportParameters requested are different than current active one (requested -> active):
  custom:framework-win-MediaFoundation: 216162199b28c13a410421893ffa2e32 -> 
  custom:video-decoder-ogg-theora: a1e56fd34408186e4bbccfd4996cb3dc -> 
  custom:container-muxer-webm: aa71ff27fc2769a1b78a27578f13a17b -> 
  custom:container-demuxer-webm: 4f35f7cbe854078d1ac9338744f61a02 -> 
  custom:container-demuxer-ogg: 62fdf1f143b41e24485cea50d1cbac27 -> 
  custom:video-encoder-webm-vp8: eb34c28f22e8b96e1ab97ce403110664 -> 
  custom:video-decoder-webm-vp8: 9c59270c3fd7afecdb556c50c9e8de78 -> 
  custom:audio-decoder-ogg-vorbis: bf7c407c2cedff20999df2af8eb42d56 -> 
  custom:audio-encoder-webm-vorbis: bf7c407c2cedff20999df2af8eb42d56 -> 
========================================================================
Received Import Request.
  path: Assets/2D Customizable Characters
  artifactKey: Guid(47bb7ed0129c86a41acd10d78e15ecec) Importer(815301076,1909f56bfc062723c751e8b465ee728b)
Start importing Assets/2D Customizable Characters using Guid(47bb7ed0129c86a41acd10d78e15ecec) Importer(815301076,1909f56bfc062723c751e8b465ee728b)  -> (artifact id: '9aede921a8207bf1c2f10705d809e36a') in 0.008627 seconds 
  Import took 0.011676 seconds .

========================================================================
Received Import Request.
  Time since last request: 0.000269 seconds.
  path: Assets/RPGW_GL_v2.0
  artifactKey: Guid(e18908b619ab25c40a688cc6e7d41a70) Importer(815301076,1909f56bfc062723c751e8b465ee728b)
Start importing Assets/RPGW_GL_v2.0 using Guid(e18908b619ab25c40a688cc6e7d41a70) Importer(815301076,1909f56bfc062723c751e8b465ee728b)  -> (artifact id: '3ccdcf9392914b23792941f51fd65d06') in 0.005542 seconds 
  Import took 0.008932 seconds .

========================================================================
Received Import Request.
  Time since last request: 0.000257 seconds.
  path: Assets/RPGW Houses And Interiors
  artifactKey: Guid(5168e7387a1e5e645b00f4c4f8184790) Importer(815301076,1909f56bfc062723c751e8b465ee728b)
Start importing Assets/RPGW Houses And Interiors using Guid(5168e7387a1e5e645b00f4c4f8184790) Importer(815301076,1909f56bfc062723c751e8b465ee728b)  -> (artifact id: 'b9746e0bd907f561319435f1de8a3f1c') in 0.005308 seconds 
  Import took 0.008913 seconds .

========================================================================
Received Import Request.
  Time since last request: 2.149646 seconds.
  path: Assets/2D Customizable Characters/Common
  artifactKey: Guid(a16c20496683ab94a808a760e7725a1d) Importer(815301076,1909f56bfc062723c751e8b465ee728b)
Start importing Assets/2D Customizable Characters/Common using Guid(a16c20496683ab94a808a760e7725a1d) Importer(815301076,1909f56bfc062723c751e8b465ee728b)  -> (artifact id: '03e31bf624874ebf763ba7683d36ac29') in 0.006118 seconds 
  Import took 0.009493 seconds .

========================================================================
Received Import Request.
  Time since last request: 2.501901 seconds.
  path: Assets/2D Customizable Characters/Common/Scripts
  artifactKey: Guid(e6190e2a5a495ee4cbc4b456289dc58c) Importer(815301076,1909f56bfc062723c751e8b465ee728b)
Start importing Assets/2D Customizable Characters/Common/Scripts using Guid(e6190e2a5a495ee4cbc4b456289dc58c) Importer(815301076,1909f56bfc062723c751e8b465ee728b)  -> (artifact id: 'cfbf67901a555c39112489cec30acab8') in 0.005738 seconds 
  Import took 0.008798 seconds .

========================================================================
Received Import Request.
  Time since last request: 4.757212 seconds.
  path: Assets/2D Customizable Characters/Common/Scripts/SimpleCharacterController.cs
  artifactKey: Guid(ac5ca02f1dd097844b3f5b17ee2a8cfe) Importer(815301076,1909f56bfc062723c751e8b465ee728b)
Start importing Assets/2D Customizable Characters/Common/Scripts/SimpleCharacterController.cs using Guid(ac5ca02f1dd097844b3f5b17ee2a8cfe) Importer(815301076,1909f56bfc062723c751e8b465ee728b)  -> (artifact id: '0ebdc638cdeefda4a5c96a053a16716f') in 0.037150 seconds 
  Import took 0.040143 seconds .

========================================================================
Received Import Request.
  Time since last request: 79.087324 seconds.
  path: Assets/Assets PAcks
  artifactKey: Guid(d7f4a2a820c41654d849728390ca71bb) Importer(815301076,1909f56bfc062723c751e8b465ee728b)
Start importing Assets/Assets PAcks using Guid(d7f4a2a820c41654d849728390ca71bb) Importer(815301076,1909f56bfc062723c751e8b465ee728b)  -> (artifact id: 'c29f558f2af9b57f79f07bf8f17638ad') in 0.006344 seconds 
  Import took 0.009608 seconds .

========================================================================
Received Import Request.
  Time since last request: 20.779559 seconds.
  path: Assets/asset packs
  artifactKey: Guid(d7f4a2a820c41654d849728390ca71bb) Importer(815301076,1909f56bfc062723c751e8b465ee728b)
Start importing Assets/asset packs using Guid(d7f4a2a820c41654d849728390ca71bb) Importer(815301076,1909f56bfc062723c751e8b465ee728b)  -> (artifact id: '85a33558cbdd4931ce2f679871508600') in 0.008651 seconds 
  Import took 0.014309 seconds .

========================================================================
Received Prepare
Registering precompiled user dll's ...
Registered in 0.004371 seconds.
Begin MonoManager ReloadAssembly
Native extension for WindowsStandalone target not found
Refreshing native plugins compatible for Editor in 0.63 ms, found 3 plugins.
Preloading 0 native plugins for Editor in 0.00 ms.
Mono: successfully reloaded assembly
- Completed reload, in  0.931 seconds
Platform modules already initialized, skipping
Refreshing native plugins compatible for Editor in 0.61 ms, found 3 plugins.
Preloading 0 native plugins for Editor in 0.00 ms.
Unloading 2078 Unused Serialized files (Serialized files now loaded: 0)
System memory in use before: 95.1 MB.
System memory in use after: 95.1 MB.

Unloading 21 unused Assets to reduce memory usage. Loaded Objects now: 2520.
Total: 2.135200 ms (FindLiveObjects: 0.289600 ms CreateObjectMapping: 0.121000 ms MarkObjects: 1.637400 ms  DeleteObjects: 0.086000 ms)

AssetImportParameters requested are different than current active one (requested -> active):
  custom:framework-win-MediaFoundation: 216162199b28c13a410421893ffa2e32 -> 
  custom:video-decoder-ogg-theora: a1e56fd34408186e4bbccfd4996cb3dc -> 
  custom:container-muxer-webm: aa71ff27fc2769a1b78a27578f13a17b -> 
  custom:container-demuxer-webm: 4f35f7cbe854078d1ac9338744f61a02 -> 
  custom:container-demuxer-ogg: 62fdf1f143b41e24485cea50d1cbac27 -> 
  custom:video-encoder-webm-vp8: eb34c28f22e8b96e1ab97ce403110664 -> 
  custom:video-decoder-webm-vp8: 9c59270c3fd7afecdb556c50c9e8de78 -> 
  custom:audio-decoder-ogg-vorbis: bf7c407c2cedff20999df2af8eb42d56 -> 
  custom:audio-encoder-webm-vorbis: bf7c407c2cedff20999df2af8eb42d56 -> 
